<?xml version="1.0" encoding="UTF-8"?>
<!-- Generated by org.testng.reporters.JUnitReportReporter -->
<testsuite hostname="Admin-PC" name="Selenium.KeyboardEvents" tests="1" failures="0" timestamp="25 Apr 2020 09:35:47 GMT" time="25.268" errors="0">
  <testcase name="keyboardEvents" time="25.268" classname="Selenium.KeyboardEvents"/>
</testsuite> <!-- Selenium.KeyboardEvents -->
