<?xml version="1.0" encoding="UTF-8"?>
<!-- Generated by org.testng.reporters.JUnitReportReporter -->
<testsuite hostname="Admin-PC" name="Selenium.SuppressChromeWarnings_1" tests="1" failures="0" timestamp="20 Apr 2020 15:26:19 GMT" time="49.600" errors="0">
  <testcase name="chromeWarnings" time="49.600" classname="Selenium.SuppressChromeWarnings_1"/>
</testsuite> <!-- Selenium.SuppressChromeWarnings_1 -->
