<?xml version="1.0" encoding="UTF-8"?>
<!-- Generated by org.testng.reporters.JUnitReportReporter -->
<testsuite hostname="Admin-PC" name="Selenium.BrowserWindowHandle_1" tests="1" failures="0" timestamp="27 Apr 2020 16:06:31 GMT" time="9.547" errors="0">
  <testcase name="browserPopup" time="9.547" classname="Selenium.BrowserWindowHandle_1"/>
</testsuite> <!-- Selenium.BrowserWindowHandle_1 -->
