<?xml version="1.0" encoding="UTF-8"?>
<!-- Generated by org.testng.reporters.JUnitReportReporter -->
<testsuite hostname="Admin-PC" name="Selenium.PrintAllLinks" tests="1" failures="0" timestamp="13 Aug 2020 17:47:12 GMT" time="10.209" errors="0">
  <testcase name="printAllLinks" time="10.209" classname="Selenium.PrintAllLinks"/>
</testsuite> <!-- Selenium.PrintAllLinks -->
