<?xml version="1.0" encoding="UTF-8"?>
<!-- Generated by org.testng.reporters.JUnitReportReporter -->
<testsuite hostname="Admin-PC" name="Selenium.BootStrapDropDownHandleUsingStreams" tests="1" failures="0" timestamp="9 May 2020 05:11:56 GMT" time="12.902" errors="0">
  <testcase name="bootStrap" time="12.902" classname="Selenium.BootStrapDropDownHandleUsingStreams"/>
</testsuite> <!-- Selenium.BootStrapDropDownHandleUsingStreams -->
