<?xml version="1.0" encoding="UTF-8"?>
<!-- Generated by org.testng.reporters.JUnitReportReporter -->
<testsuite hostname="Admin-PC" name="Selenium.AlertPopup" tests="1" failures="0" timestamp="8 Jun 2020 16:08:23 GMT" time="13.598" errors="0">
  <testcase name="alertWindowPopup" time="13.598" classname="Selenium.AlertPopup"/>
</testsuite> <!-- Selenium.AlertPopup -->
