<?xml version="1.0" encoding="UTF-8"?>
<!-- Generated by org.testng.reporters.JUnitReportReporter -->
<testsuite hostname="Admin-PC" name="Selenium.DropDownValueSelectUsingStreams" tests="1" failures="0" timestamp="5 May 2020 08:00:14 GMT" time="12.573" errors="0">
  <testcase name="dropDownValueSelectUsingStreams" time="12.573" classname="Selenium.DropDownValueSelectUsingStreams"/>
</testsuite> <!-- Selenium.DropDownValueSelectUsingStreams -->
