<?xml version="1.0" encoding="UTF-8"?>
<!-- Generated by org.testng.reporters.JUnitReportReporter -->
<testsuite hostname="Admin-PC" name="Selenium.BooStrapDropDownHandleUsingStreams" tests="1" failures="0" timestamp="9 May 2020 04:29:40 GMT" time="12.707" errors="0">
  <testcase name="bootStrap" time="12.707" classname="Selenium.BooStrapDropDownHandleUsingStreams"/>
</testsuite> <!-- Selenium.BooStrapDropDownHandleUsingStreams -->
