<?xml version="1.0" encoding="UTF-8"?>
<!-- Generated by org.testng.reporters.JUnitReportReporter -->
<testsuite hostname="Admin-PC" name="Selenium.BootStrapDropdown_1" tests="1" failures="0" timestamp="7 May 2020 07:14:29 GMT" time="9.692" errors="0">
  <testcase name="bootStrap" time="9.692" classname="Selenium.BootStrapDropdown_1"/>
</testsuite> <!-- Selenium.BootStrapDropdown_1 -->
