<?xml version="1.0" encoding="UTF-8"?>
<!-- Generated by org.testng.reporters.JUnitReportReporter -->
<testsuite hostname="Admin-PC" name="Selenium.DragandDrop_2" tests="1" failures="0" timestamp="24 Apr 2020 15:35:20 GMT" time="18.993" errors="0">
  <testcase name="dragandDrop" time="18.993" classname="Selenium.DragandDrop_2"/>
</testsuite> <!-- Selenium.DragandDrop_2 -->
