<?xml version="1.0" encoding="UTF-8"?>
<!-- Generated by org.testng.reporters.JUnitReportReporter -->
<testsuite hostname="Admin-PC" name="Selenium.DropDownValueSelectUsingStreams" tests="1" failures="0" timestamp="23 Apr 2020 07:32:48 GMT" time="35.184" errors="0">
  <testcase name="dropDownValueSelectUsingStreams" time="35.184" classname="Selenium.DropDownValueSelectUsingStreams"/>
</testsuite> <!-- Selenium.DropDownValueSelectUsingStreams -->
