<?xml version="1.0" encoding="UTF-8"?>
<!-- Generated by org.testng.reporters.JUnitReportReporter -->
<testsuite hostname="Admin-PC" name="Selenium.DropDownPrintSelectUsingStreams" tests="1" failures="0" timestamp="9 May 2020 05:13:46 GMT" time="11.632" errors="0">
  <testcase name="dropDownPrintSelectUsingStreams" time="11.632" classname="Selenium.DropDownPrintSelectUsingStreams"/>
</testsuite> <!-- Selenium.DropDownPrintSelectUsingStreams -->
