<?xml version="1.0" encoding="UTF-8"?>
<!-- Generated by org.testng.reporters.JUnitReportReporter -->
<testsuite hostname="Admin-PC" name="Selenium.DragandDrop_3" tests="1" failures="0" timestamp="24 Apr 2020 16:53:11 GMT" time="18.420" errors="0">
  <testcase name="dragandDrop" time="18.420" classname="Selenium.DragandDrop_3"/>
</testsuite> <!-- Selenium.DragandDrop_3 -->
