<?xml version="1.0" encoding="UTF-8"?>
<!-- Generated by org.testng.reporters.JUnitReportReporter -->
<testsuite hostname="Admin-PC" name="Selenium.HashMapInSelenium" tests="1" failures="0" timestamp="21 Aug 2020 17:25:22 GMT" time="25.844" errors="0">
  <testcase name="hashMapInSelenium" time="25.844" classname="Selenium.HashMapInSelenium"/>
</testsuite> <!-- Selenium.HashMapInSelenium -->
