<?xml version="1.0" encoding="UTF-8"?>
<!-- Generated by org.testng.reporters.JUnitReportReporter -->
<testsuite hostname="Admin-PC" name="Selenium.DropDownHandleUsingStreams" tests="1" failures="0" timestamp="23 Apr 2020 03:27:38 GMT" time="12.192" errors="0">
  <testcase name="dropdownHandle" time="12.192" classname="Selenium.DropDownHandleUsingStreams"/>
</testsuite> <!-- Selenium.DropDownHandleUsingStreams -->
