<?xml version="1.0" encoding="UTF-8"?>
<!-- Generated by org.testng.reporters.JUnitReportReporter -->
<testsuite hostname="Admin-PC" name="Selenium.BrowserWindowHandle_2" tests="1" failures="0" timestamp="27 Apr 2020 16:13:39 GMT" time="8.757" errors="0">
  <testcase name="browserPopup" time="8.757" classname="Selenium.BrowserWindowHandle_2"/>
</testsuite> <!-- Selenium.BrowserWindowHandle_2 -->
