<?xml version="1.0" encoding="UTF-8"?>
<!-- Generated by org.testng.reporters.JUnitReportReporter -->
<testsuite hostname="Admin-PC" name="Selenium.DropdownPrintSelectUsingStreams" tests="1" failures="0" timestamp="5 May 2020 13:57:25 GMT" time="13.191" errors="0">
  <testcase name="dropdownValuesPrintUsingStreams" time="13.191" classname="Selenium.DropdownPrintSelectUsingStreams"/>
</testsuite> <!-- Selenium.DropdownPrintSelectUsingStreams -->
