<?xml version="1.0" encoding="UTF-8"?>
<!-- Generated by org.testng.reporters.JUnitReportReporter -->
<testsuite hostname="Admin-PC" name="Selenium.DropdownValuesPrintUsingStreams" tests="1" failures="0" timestamp="23 Apr 2020 07:13:48 GMT" time="14.984" errors="0">
  <testcase name="dropdownValuesPrintUsingStreams" time="14.984" classname="Selenium.DropdownValuesPrintUsingStreams"/>
</testsuite> <!-- Selenium.DropdownValuesPrintUsingStreams -->
