<?xml version="1.0" encoding="UTF-8"?>
<!-- Generated by org.testng.reporters.JUnitReportReporter -->
<testsuite hostname="Admin-PC" name="Selenium.JavaScriptExecutorConcept_2" tests="1" failures="0" timestamp="1 May 2020 07:22:01 GMT" time="11.146" errors="0">
  <testcase name="promptAlertMessage" time="11.146" classname="Selenium.JavaScriptExecutorConcept_2"/>
</testsuite> <!-- Selenium.JavaScriptExecutorConcept_2 -->
