<?xml version="1.0" encoding="UTF-8"?>
<!-- Generated by org.testng.reporters.JUnitReportReporter -->
<testsuite hostname="Admin-PC" name="Selenium.DropdownSelectPrintUsingStreams" tests="1" failures="0" timestamp="5 May 2020 13:46:13 GMT" time="15.633" errors="0">
  <testcase name="dropdownValuesPrintUsingStreams" time="15.633" classname="Selenium.DropdownSelectPrintUsingStreams"/>
</testsuite> <!-- Selenium.DropdownSelectPrintUsingStreams -->
