<?xml version="1.0" encoding="UTF-8"?>
<!-- Generated by org.testng.reporters.JUnitReportReporter -->
<testsuite hostname="Admin-PC" name="Selenium.DropDownValuesValidation" tests="1" failures="0" timestamp="23 Jul 2020 14:56:41 GMT" time="13.044" errors="0">
  <testcase name="dropDownValuesValidation" time="13.044" classname="Selenium.DropDownValuesValidation"/>
</testsuite> <!-- Selenium.DropDownValuesValidation -->
