<?xml version="1.0" encoding="UTF-8"?>
<!-- Generated by org.testng.reporters.JUnitReportReporter -->
<testsuite hostname="Admin-PC" name="Selenium.SuppressChromeWarnings_2" tests="1" failures="0" timestamp="20 Apr 2020 15:32:04 GMT" time="23.782" errors="0">
  <testcase name="chromeWarnings" time="23.782" classname="Selenium.SuppressChromeWarnings_2"/>
</testsuite> <!-- Selenium.SuppressChromeWarnings_2 -->
