<?xml version="1.0" encoding="UTF-8"?>
<!-- Generated by org.testng.reporters.JUnitReportReporter -->
<testsuite hostname="Admin-PC" name="Selenium.JavaScriptExecutorConcept" tests="1" failures="0" timestamp="2 May 2020 03:42:55 GMT" time="14.402" errors="0">
  <testcase name="javaScriptExecutorConcept" time="14.402" classname="Selenium.JavaScriptExecutorConcept"/>
</testsuite> <!-- Selenium.JavaScriptExecutorConcept -->
