<?xml version="1.0" encoding="UTF-8"?>
<!-- Generated by org.testng.reporters.JUnitReportReporter -->
<testsuite hostname="Admin-PC" name="Selenium.BooStrapStreams" tests="1" failures="0" timestamp="7 May 2020 07:22:18 GMT" time="15.444" errors="0">
  <testcase name="bootStrap" time="15.444" classname="Selenium.BooStrapStreams"/>
</testsuite> <!-- Selenium.BooStrapStreams -->
