<?xml version="1.0" encoding="UTF-8"?>
<!-- Generated by org.testng.reporters.JUnitReportReporter -->
<testsuite hostname="Admin-PC" name="Selenium.DragandDrop_1" tests="1" failures="0" timestamp="24 Apr 2020 15:28:33 GMT" time="22.239" errors="0">
  <testcase name="dragandDrop" time="22.239" classname="Selenium.DragandDrop_1"/>
</testsuite> <!-- Selenium.DragandDrop_1 -->
