<?xml version="1.0" encoding="UTF-8"?>
<!-- Generated by org.testng.reporters.JUnitReportReporter -->
<testsuite hostname="Admin-PC" name="Selenium.DropDownHandleUsingStreams_2" tests="1" failures="0" timestamp="23 Apr 2020 07:08:03 GMT" time="13.532" errors="0">
  <testcase name="dropdownHandle" time="13.532" classname="Selenium.DropDownHandleUsingStreams_2"/>
</testsuite> <!-- Selenium.DropDownHandleUsingStreams_2 -->
